This file contains any messages produced by compilers while
running configure, to aid debugging if configure makes a mistake.

It was created by dbt3 configure 1.10, which was
generated by GNU Autoconf 2.68.  Invocation command line was

  $ ./configure 

## --------- ##
## Platform. ##
## --------- ##

hostname = localhost.localdomain
uname -m = x86_64
uname -r = 2.6.18-274.3.1.el5
uname -s = Linux
uname -v = #1 SMP Tue Sep 6 20:13:52 EDT 2011

/usr/bin/uname -p = unknown
/bin/uname -X     = unknown

/bin/arch              = x86_64
/usr/bin/arch -k       = unknown
/usr/convex/getsysinfo = unknown
/usr/bin/hostinfo      = unknown
/bin/machine           = unknown
/usr/bin/oslevel       = unknown
/bin/universe          = unknown

PATH: /sbin
PATH: /usr/sbin
PATH: /usr/kerberos/sbin
PATH: /usr/kerberos/bin
PATH: /usr/bin
PATH: /bin


## ----------- ##
## Core tests. ##
## ----------- ##

configure:2206: checking for a BSD-compatible install
configure:2274: result: /usr/bin/install -c
configure:2285: checking whether build environment is sane
configure:2322: result: yes
configure:2384: checking for gawk
configure:2400: found /usr/bin/gawk
configure:2411: result: gawk
configure:2422: checking whether make sets $(MAKE)
configure:2444: result: yes
configure:2627: checking build system type
configure:2641: result: x86_64-unknown-linux-gnu
configure:2661: checking host system type
configure:2674: result: x86_64-unknown-linux-gnu
configure:2714: checking for gawk
configure:2732: found /usr/bin/gawk
configure:2744: result: /usr/bin/gawk
configure:2763: checking for gcc
configure:2781: found /usr/bin/gcc
configure:2793: result: /usr/bin/gcc
configure:2820: checking for style of include used by make
configure:2848: result: GNU
configure:2921: checking for gcc
configure:2937: found /usr/bin/gcc
configure:2948: result: gcc
configure:3177: checking for C compiler version
configure:3186: gcc --version >&5
gcc (GCC) 4.1.2 20080704 (Red Hat 4.1.2-51)
Copyright (C) 2006 Free Software Foundation, Inc.
This is free software; see the source for copying conditions.  There is NO
warranty; not even for MERCHANTABILITY or FITNESS FOR A PARTICULAR PURPOSE.

configure:3197: $? = 0
configure:3186: gcc -v >&5
Using built-in specs.
Target: x86_64-redhat-linux
Configured with: ../configure --prefix=/usr --mandir=/usr/share/man --infodir=/usr/share/info --enable-shared --enable-threads=posix --enable-checking=release --with-system-zlib --enable-__cxa_atexit --disable-libunwind-exceptions --enable-libgcj-multifile --enable-languages=c,c++,objc,obj-c++,java,fortran,ada --enable-java-awt=gtk --disable-dssi --disable-plugin --with-java-home=/usr/lib/jvm/java-1.4.2-gcj-1.4.2.0/jre --with-cpu=generic --host=x86_64-redhat-linux
Thread model: posix
gcc version 4.1.2 20080704 (Red Hat 4.1.2-51)
configure:3197: $? = 0
configure:3186: gcc -V >&5
gcc: '-V' option must have argument
configure:3197: $? = 1
configure:3186: gcc -qversion >&5
gcc: unrecognized option '-qversion'
gcc: no input files
configure:3197: $? = 1
configure:3217: checking whether the C compiler works
configure:3239: gcc    conftest.c  >&5
configure:3243: $? = 0
configure:3291: result: yes
configure:3294: checking for C compiler default output file name
configure:3296: result: a.out
configure:3302: checking for suffix of executables
configure:3309: gcc -o conftest    conftest.c  >&5
configure:3313: $? = 0
configure:3335: result: 
configure:3357: checking whether we are cross compiling
configure:3365: gcc -o conftest    conftest.c  >&5
configure:3369: $? = 0
configure:3376: ./conftest
configure:3380: $? = 0
configure:3395: result: no
configure:3400: checking for suffix of object files
configure:3422: gcc -c   conftest.c >&5
configure:3426: $? = 0
configure:3447: result: o
configure:3451: checking whether we are using the GNU C compiler
configure:3470: gcc -c   conftest.c >&5
configure:3470: $? = 0
configure:3479: result: yes
configure:3488: checking whether gcc accepts -g
configure:3508: gcc -c -g  conftest.c >&5
configure:3508: $? = 0
configure:3549: result: yes
configure:3566: checking for gcc option to accept ISO C89
configure:3630: gcc  -c -g -O2  conftest.c >&5
configure:3630: $? = 0
configure:3643: result: none needed
configure:3665: checking dependency style of gcc
configure:3755: result: gcc3
configure:3778: checking how to run the C preprocessor
configure:3809: gcc -E  conftest.c
configure:3809: $? = 0
configure:3823: gcc -E  conftest.c
conftest.c:11:28: error: ac_nonexistent.h: No such file or directory
configure:3823: $? = 1
configure: failed program was:
| /* confdefs.h */
| #define PACKAGE_NAME "dbt3"
| #define PACKAGE_TARNAME "dbt3"
| #define PACKAGE_VERSION "1.10"
| #define PACKAGE_STRING "dbt3 1.10"
| #define PACKAGE_BUGREPORT "osdldbt-general@lists.sourceforge.net"
| #define PACKAGE_URL ""
| #define PACKAGE "dbt3"
| #define VERSION "1.10"
| /* end confdefs.h.  */
| #include <ac_nonexistent.h>
configure:3848: result: gcc -E
configure:3868: gcc -E  conftest.c
configure:3868: $? = 0
configure:3882: gcc -E  conftest.c
conftest.c:11:28: error: ac_nonexistent.h: No such file or directory
configure:3882: $? = 1
configure: failed program was:
| /* confdefs.h */
| #define PACKAGE_NAME "dbt3"
| #define PACKAGE_TARNAME "dbt3"
| #define PACKAGE_VERSION "1.10"
| #define PACKAGE_STRING "dbt3 1.10"
| #define PACKAGE_BUGREPORT "osdldbt-general@lists.sourceforge.net"
| #define PACKAGE_URL ""
| #define PACKAGE "dbt3"
| #define VERSION "1.10"
| /* end confdefs.h.  */
| #include <ac_nonexistent.h>
configure:3911: checking for grep that handles long lines and -e
configure:3969: result: /bin/grep
configure:3974: checking for egrep
configure:4036: result: /bin/grep -E
configure:4041: checking for ANSI C header files
configure:4061: gcc -c -g -O2  conftest.c >&5
configure:4061: $? = 0
configure:4134: gcc -o conftest -g -O2   conftest.c  >&5
configure:4134: $? = 0
configure:4134: ./conftest
configure:4134: $? = 0
configure:4145: result: yes
configure:4153: checking for sys/wait.h that is POSIX.1 compatible
configure:4179: gcc -c -g -O2  conftest.c >&5
configure:4179: $? = 0
configure:4186: result: yes
configure:4199: checking for sys/types.h
configure:4199: gcc -c -g -O2  conftest.c >&5
configure:4199: $? = 0
configure:4199: result: yes
configure:4199: checking for sys/stat.h
configure:4199: gcc -c -g -O2  conftest.c >&5
configure:4199: $? = 0
configure:4199: result: yes
configure:4199: checking for stdlib.h
configure:4199: gcc -c -g -O2  conftest.c >&5
configure:4199: $? = 0
configure:4199: result: yes
configure:4199: checking for string.h
configure:4199: gcc -c -g -O2  conftest.c >&5
configure:4199: $? = 0
configure:4199: result: yes
configure:4199: checking for memory.h
configure:4199: gcc -c -g -O2  conftest.c >&5
configure:4199: $? = 0
configure:4199: result: yes
configure:4199: checking for strings.h
configure:4199: gcc -c -g -O2  conftest.c >&5
configure:4199: $? = 0
configure:4199: result: yes
configure:4199: checking for inttypes.h
configure:4199: gcc -c -g -O2  conftest.c >&5
configure:4199: $? = 0
configure:4199: result: yes
configure:4199: checking for stdint.h
configure:4199: gcc -c -g -O2  conftest.c >&5
configure:4199: $? = 0
configure:4199: result: yes
configure:4199: checking for unistd.h
configure:4199: gcc -c -g -O2  conftest.c >&5
configure:4199: $? = 0
configure:4199: result: yes
configure:4214: checking for strings.h
configure:4214: result: yes
configure:4214: checking sys/time.h usability
configure:4214: gcc -c -g -O2  conftest.c >&5
configure:4214: $? = 0
configure:4214: result: yes
configure:4214: checking sys/time.h presence
configure:4214: gcc -E  conftest.c
configure:4214: $? = 0
configure:4214: result: yes
configure:4214: checking for sys/time.h
configure:4214: result: yes
configure:4225: checking for an ANSI C-conforming const
configure:4290: gcc -c -g -O2  conftest.c >&5
configure:4290: $? = 0
configure:4297: result: yes
configure:4305: checking for size_t
configure:4305: gcc -c -g -O2  conftest.c >&5
configure:4305: $? = 0
configure:4305: gcc -c -g -O2  conftest.c >&5
conftest.c: In function 'main':
conftest.c:60: error: expected expression before ')' token
configure:4305: $? = 1
configure: failed program was:
| /* confdefs.h */
| #define PACKAGE_NAME "dbt3"
| #define PACKAGE_TARNAME "dbt3"
| #define PACKAGE_VERSION "1.10"
| #define PACKAGE_STRING "dbt3 1.10"
| #define PACKAGE_BUGREPORT "osdldbt-general@lists.sourceforge.net"
| #define PACKAGE_URL ""
| #define PACKAGE "dbt3"
| #define VERSION "1.10"
| #define STDC_HEADERS 1
| #define HAVE_SYS_WAIT_H 1
| #define HAVE_SYS_TYPES_H 1
| #define HAVE_SYS_STAT_H 1
| #define HAVE_STDLIB_H 1
| #define HAVE_STRING_H 1
| #define HAVE_MEMORY_H 1
| #define HAVE_STRINGS_H 1
| #define HAVE_INTTYPES_H 1
| #define HAVE_STDINT_H 1
| #define HAVE_UNISTD_H 1
| #define HAVE_STRINGS_H 1
| #define HAVE_SYS_TIME_H 1
| /* end confdefs.h.  */
| #include <stdio.h>
| #ifdef HAVE_SYS_TYPES_H
| # include <sys/types.h>
| #endif
| #ifdef HAVE_SYS_STAT_H
| # include <sys/stat.h>
| #endif
| #ifdef STDC_HEADERS
| # include <stdlib.h>
| # include <stddef.h>
| #else
| # ifdef HAVE_STDLIB_H
| #  include <stdlib.h>
| # endif
| #endif
| #ifdef HAVE_STRING_H
| # if !defined STDC_HEADERS && defined HAVE_MEMORY_H
| #  include <memory.h>
| # endif
| # include <string.h>
| #endif
| #ifdef HAVE_STRINGS_H
| # include <strings.h>
| #endif
| #ifdef HAVE_INTTYPES_H
| # include <inttypes.h>
| #endif
| #ifdef HAVE_STDINT_H
| # include <stdint.h>
| #endif
| #ifdef HAVE_UNISTD_H
| # include <unistd.h>
| #endif
| int
| main ()
| {
| if (sizeof ((size_t)))
| 	    return 0;
|   ;
|   return 0;
| }
configure:4305: result: yes
configure:4316: checking whether time.h and sys/time.h may both be included
configure:4336: gcc -c -g -O2  conftest.c >&5
configure:4336: $? = 0
configure:4343: result: yes
configure:4351: checking whether struct tm is in sys/time.h or time.h
configure:4371: gcc -c -g -O2  conftest.c >&5
configure:4371: $? = 0
configure:4378: result: time.h
configure:4394: checking for special C compiler options needed for large files
configure:4439: result: no
configure:4445: checking for _FILE_OFFSET_BITS value needed for large files
configure:4470: gcc -c -g -O2  conftest.c >&5
configure:4470: $? = 0
configure:4502: result: no
configure:4587: checking for main in -lm
configure:4606: gcc -o conftest -Wall -g -O2   conftest.c -lm   >&5
configure:4606: $? = 0
configure:4615: result: yes
configure:4633: checking for sar
configure:4652: found /usr/bin/sar
configure:4664: result: /usr/bin/sar
configure:4685: checking for iostat
configure:4704: found /usr/bin/iostat
configure:4716: result: /usr/bin/iostat
configure:4737: checking for vmstat
configure:4756: found /usr/bin/vmstat
configure:4768: result: /usr/bin/vmstat
configure:4789: checking for bc
configure:4808: found /usr/bin/bc
configure:4820: result: /usr/bin/bc
configure:6689: creating ./config.status

## ---------------------- ##
## Running config.status. ##
## ---------------------- ##

This file was extended by dbt3 config.status 1.10, which was
generated by GNU Autoconf 2.68.  Invocation command line was

  CONFIG_FILES    = 
  CONFIG_HEADERS  = 
  CONFIG_LINKS    = 
  CONFIG_COMMANDS = 
  $ ./config.status 

on localhost.localdomain

config.status:918: creating Makefile
config.status:918: creating scripts/dbt3_profile
config.status:918: creating scripts/get_composite.sh
config.status:918: creating scripts/get_config.sh
config.status:918: creating scripts/gen_data.sh
config.status:918: creating scripts/gen_html.sh
config.status:918: creating scripts/run_workload.sh
config.status:918: creating scripts/init_seed.sh
config.status:918: creating src/Makefile
config.status:918: creating src/dbgen/Makefile
config.status:918: creating tpch_tools/Makefile
config.status:1084: executing depfiles commands

## ---------------- ##
## Cache variables. ##
## ---------------- ##

ac_cv_build=x86_64-unknown-linux-gnu
ac_cv_c_compiler_gnu=yes
ac_cv_c_const=yes
ac_cv_env_CC_set=
ac_cv_env_CC_value=
ac_cv_env_CFLAGS_set=
ac_cv_env_CFLAGS_value=
ac_cv_env_CPPFLAGS_set=
ac_cv_env_CPPFLAGS_value=
ac_cv_env_CPP_set=
ac_cv_env_CPP_value=
ac_cv_env_LDFLAGS_set=
ac_cv_env_LDFLAGS_value=
ac_cv_env_LIBS_set=
ac_cv_env_LIBS_value=
ac_cv_env_build_alias_set=
ac_cv_env_build_alias_value=
ac_cv_env_host_alias_set=
ac_cv_env_host_alias_value=
ac_cv_env_target_alias_set=
ac_cv_env_target_alias_value=
ac_cv_header_inttypes_h=yes
ac_cv_header_memory_h=yes
ac_cv_header_stdc=yes
ac_cv_header_stdint_h=yes
ac_cv_header_stdlib_h=yes
ac_cv_header_string_h=yes
ac_cv_header_strings_h=yes
ac_cv_header_sys_stat_h=yes
ac_cv_header_sys_time_h=yes
ac_cv_header_sys_types_h=yes
ac_cv_header_sys_wait_h=yes
ac_cv_header_time=yes
ac_cv_header_unistd_h=yes
ac_cv_host=x86_64-unknown-linux-gnu
ac_cv_lib_m_main=yes
ac_cv_objext=o
ac_cv_path_BC=/usr/bin/bc
ac_cv_path_EGREP='/bin/grep -E'
ac_cv_path_GAWK=/usr/bin/gawk
ac_cv_path_GCC=/usr/bin/gcc
ac_cv_path_GREP=/bin/grep
ac_cv_path_IOSTAT=/usr/bin/iostat
ac_cv_path_SAR=/usr/bin/sar
ac_cv_path_VMSTAT=/usr/bin/vmstat
ac_cv_path_install='/usr/bin/install -c'
ac_cv_prog_AWK=gawk
ac_cv_prog_CPP='gcc -E'
ac_cv_prog_ac_ct_CC=gcc
ac_cv_prog_cc_c89=
ac_cv_prog_cc_g=yes
ac_cv_prog_make_make_set=yes
ac_cv_struct_tm=time.h
ac_cv_sys_file_offset_bits=no
ac_cv_sys_largefile_CC=no
ac_cv_type_size_t=yes
am_cv_CC_dependencies_compiler_type=gcc3

## ----------------- ##
## Output variables. ##
## ----------------- ##

ACLOCAL='${SHELL} /root/benchmark/dbt3-ingres/missing --run aclocal-1.9'
AMDEPBACKSLASH='\'
AMDEP_FALSE='#'
AMDEP_TRUE=''
AMTAR='${SHELL} /root/benchmark/dbt3-ingres/missing --run tar'
AUTOCONF='${SHELL} /root/benchmark/dbt3-ingres/missing --run autoconf'
AUTOHEADER='${SHELL} /root/benchmark/dbt3-ingres/missing --run autoheader'
AUTOMAKE='${SHELL} /root/benchmark/dbt3-ingres/missing --run automake-1.9'
AWK='gawk'
BC='/usr/bin/bc'
CC='gcc'
CCDEPMODE='depmode=gcc3'
CFLAGS='-Wall -g -O2'
CPP='gcc -E'
CPPFLAGS=''
CREATEDB=''
CYGPATH_W='echo'
DATABASE_TO_USE=''
DEFS='-DPACKAGE_NAME=\"dbt3\" -DPACKAGE_TARNAME=\"dbt3\" -DPACKAGE_VERSION=\"1.10\" -DPACKAGE_STRING=\"dbt3\ 1.10\" -DPACKAGE_BUGREPORT=\"osdldbt-general@lists.sourceforge.net\" -DPACKAGE_URL=\"\" -DPACKAGE=\"dbt3\" -DVERSION=\"1.10\" -DSTDC_HEADERS=1 -DHAVE_SYS_WAIT_H=1 -DHAVE_SYS_TYPES_H=1 -DHAVE_SYS_STAT_H=1 -DHAVE_STDLIB_H=1 -DHAVE_STRING_H=1 -DHAVE_MEMORY_H=1 -DHAVE_STRINGS_H=1 -DHAVE_INTTYPES_H=1 -DHAVE_STDINT_H=1 -DHAVE_UNISTD_H=1 -DHAVE_STRINGS_H=1 -DHAVE_SYS_TIME_H=1 -DTIME_WITH_SYS_TIME=1 -DHAVE_LIBM=1 -DWORKLOAD=\"TPCH\" -DTPCH=1'
DEPDIR='.deps'
DESTROYDB=''
DROPDB=''
ECHO_C=''
ECHO_N='-n'
ECHO_T=''
EGREP='/bin/grep -E'
EXEEXT=''
GAWK='/usr/bin/gawk'
GCC='yes'
GREP='/bin/grep'
INGSTART=''
INGSTATUS=''
INGSTOP=''
INITDB=''
INSTALL_DATA='${INSTALL} -m 644'
INSTALL_PROGRAM='${INSTALL}'
INSTALL_SCRIPT='${INSTALL}'
INSTALL_STRIP_PROGRAM='${SHELL} $(install_sh) -c -s'
IOSTAT='/usr/bin/iostat'
LDFLAGS=''
LIBOBJS=''
LIBS='-lm '
LTLIBOBJS=''
MAKEINFO='${SHELL} /root/benchmark/dbt3-ingres/missing --run makeinfo'
MYSQLIMPORT=''
MYSQL_ADMIN=''
MYSQL_BASEDIR=''
MYSQL_BASEDIR_CNF=''
MYSQL_CONFIG=''
MYSQL_DATADIR=''
MYSQL_ENGINE=''
MYSQL_ENGINE_TUNING=''
MYSQL_PID=''
MYSQL_SOCK=''
OBJEXT='o'
OPTIMIZEDB=''
OS_HOST='linux'
PACKAGE='dbt3'
PACKAGE_BUGREPORT='osdldbt-general@lists.sourceforge.net'
PACKAGE_NAME='dbt3'
PACKAGE_STRING='dbt3 1.10'
PACKAGE_TARNAME='dbt3'
PACKAGE_URL=''
PACKAGE_VERSION='1.10'
PATH_SEPARATOR=':'
PG_CONFIG=''
PG_CTL=''
PSQL=''
SAR='/usr/bin/sar'
SET_MAKE=''
SHELL='/bin/sh'
SQL=''
STATDUMP=''
STRIP=''
TOPDIR='/root/benchmark/dbt3-ingres'
VACUUMDB=''
VERSION='1.10'
VMSTAT='/usr/bin/vmstat'
ac_ct_CC='gcc'
am__fastdepCC_FALSE='#'
am__fastdepCC_TRUE=''
am__include='include'
am__leading_dot='.'
am__quote=''
am__tar='${AMTAR} chof - "$$tardir"'
am__untar='${AMTAR} xf -'
bindir='${exec_prefix}/bin'
build='x86_64-unknown-linux-gnu'
build_alias=''
build_cpu='x86_64'
build_os='linux-gnu'
build_vendor='unknown'
datadir='${datarootdir}'
datarootdir='${prefix}/share'
docdir='${datarootdir}/doc/${PACKAGE_TARNAME}'
dvidir='${docdir}'
exec_prefix='${prefix}'
host='x86_64-unknown-linux-gnu'
host_alias=''
host_cpu='x86_64'
host_os='linux-gnu'
host_vendor='unknown'
htmldir='${docdir}'
includedir='${prefix}/include'
infodir='${datarootdir}/info'
install_sh='/root/benchmark/dbt3-ingres/install-sh'
libdir='${exec_prefix}/lib'
libexecdir='${exec_prefix}/libexec'
localedir='${datarootdir}/locale'
localstatedir='${prefix}/var'
mandir='${datarootdir}/man'
mkdir_p='mkdir -p --'
oldincludedir='/usr/include'
pdfdir='${docdir}'
prefix='/usr/local'
program_transform_name='s,x,x,'
psdir='${docdir}'
sbindir='${exec_prefix}/sbin'
sharedstatedir='${prefix}/com'
sysconfdir='${prefix}/etc'
target_alias=''

## ----------- ##
## confdefs.h. ##
## ----------- ##

/* confdefs.h */
#define PACKAGE_NAME "dbt3"
#define PACKAGE_TARNAME "dbt3"
#define PACKAGE_VERSION "1.10"
#define PACKAGE_STRING "dbt3 1.10"
#define PACKAGE_BUGREPORT "osdldbt-general@lists.sourceforge.net"
#define PACKAGE_URL ""
#define PACKAGE "dbt3"
#define VERSION "1.10"
#define STDC_HEADERS 1
#define HAVE_SYS_WAIT_H 1
#define HAVE_SYS_TYPES_H 1
#define HAVE_SYS_STAT_H 1
#define HAVE_STDLIB_H 1
#define HAVE_STRING_H 1
#define HAVE_MEMORY_H 1
#define HAVE_STRINGS_H 1
#define HAVE_INTTYPES_H 1
#define HAVE_STDINT_H 1
#define HAVE_UNISTD_H 1
#define HAVE_STRINGS_H 1
#define HAVE_SYS_TIME_H 1
#define TIME_WITH_SYS_TIME 1
#define HAVE_LIBM 1
#define WORKLOAD "TPCH"
#define TPCH 1

configure: exit 0
